[14:24:39] [main/WARN]: Ambiguity between arguments [teleport, destination] and [teleport, targets] with inputs: [Player, 0123, @e, dd12be42-52a9-4a91-a8a1-11c01849e498]
[14:24:39] [main/WARN]: Ambiguity between arguments [teleport, location] and [teleport, destination] with inputs: [0.1 -0.5 .9, 0 0 0]
[14:24:39] [main/WARN]: Ambiguity between arguments [teleport, location] and [teleport, targets] with inputs: [0.1 -0.5 .9, 0 0 0]
[14:24:39] [main/WARN]: Ambiguity between arguments [teleport, targets] and [teleport, destination] with inputs: [Player, 0123, dd12be42-52a9-4a91-a8a1-11c01849e498]
[14:24:39] [main/WARN]: Ambiguity between arguments [teleport, targets, location] and [teleport, targets, destination] with inputs: [0.1 -0.5 .9, 0 0 0]
[14:24:39] [Server thread/INFO]: Starting minecraft server version 1.15.2
[14:24:39] [Server thread/INFO]: Loading properties
[14:24:39] [Server thread/INFO]: Default game type: SURVIVAL
[14:24:39] [Server thread/INFO]: Generating keypair
[14:24:39] [Server thread/INFO]: Starting Minecraft server on *:25565
[14:24:39] [Server thread/INFO]: Using default channel type
[14:24:39] [Server thread/WARN]: **** SERVER IS RUNNING IN OFFLINE/INSECURE MODE!
[14:24:39] [Server thread/WARN]: The server will make no attempt to authenticate usernames. Beware.
[14:24:39] [Server thread/WARN]: While this makes the game possible to play without internet access, it also opens up the ability for hackers to connect with any username they choose.
[14:24:39] [Server thread/WARN]: To change this, set "online-mode" to "true" in the server.properties file.
[14:24:39] [Server thread/INFO]: Preparing level "world"
[14:24:39] [Server thread/INFO]: Found new data pack vanilla, loading it automatically
[14:24:39] [Server thread/INFO]: Reloading ResourceManager: Default
[14:24:50] [Server thread/INFO]: Loaded 6 recipes
[14:24:51] [Server thread/INFO]: Loaded 825 advancements
[14:24:55] [Server thread/INFO]: Preparing start region for dimension minecraft:overworld
[14:24:55] [Server-Worker-2/INFO]: Preparing spawn area: 0%
[14:24:55] [Server-Worker-6/INFO]: Preparing spawn area: 0%
[14:24:56] [Server-Worker-3/INFO]: Preparing spawn area: 0%
[14:24:56] [Server-Worker-7/INFO]: Preparing spawn area: 0%
[14:24:57] [Server-Worker-2/INFO]: Preparing spawn area: 1%
[14:24:57] [Server-Worker-2/INFO]: Preparing spawn area: 2%
[14:24:58] [Server-Worker-3/INFO]: Preparing spawn area: 3%
[14:24:58] [Server-Worker-1/INFO]: Preparing spawn area: 4%
[14:24:59] [Server-Worker-1/INFO]: Preparing spawn area: 5%
[14:24:59] [Server-Worker-5/INFO]: Preparing spawn area: 6%
[14:25:00] [Server-Worker-6/INFO]: Preparing spawn area: 8%
[14:25:00] [Server-Worker-5/INFO]: Preparing spawn area: 10%
[14:25:01] [Server-Worker-1/INFO]: Preparing spawn area: 12%
[14:25:01] [Server-Worker-2/INFO]: Preparing spawn area: 13%
[14:25:02] [Server-Worker-7/INFO]: Preparing spawn area: 16%
[14:25:02] [Server-Worker-5/INFO]: Preparing spawn area: 18%
[14:25:03] [Server-Worker-7/INFO]: Preparing spawn area: 20%
[14:25:03] [Server-Worker-3/INFO]: Preparing spawn area: 21%
[14:25:04] [Server-Worker-1/INFO]: Preparing spawn area: 22%
[14:25:04] [Server-Worker-6/INFO]: Preparing spawn area: 22%
[14:25:05] [Server-Worker-1/INFO]: Preparing spawn area: 22%
[14:25:05] [Server-Worker-4/INFO]: Preparing spawn area: 22%
[14:25:06] [Server-Worker-4/INFO]: Preparing spawn area: 28%
[14:25:06] [Server-Worker-5/INFO]: Preparing spawn area: 31%
[14:25:07] [Server-Worker-7/INFO]: Preparing spawn area: 31%
[14:25:07] [Server-Worker-4/INFO]: Preparing spawn area: 31%
[14:25:08] [Server-Worker-3/INFO]: Preparing spawn area: 31%
[14:25:08] [Server-Worker-5/INFO]: Preparing spawn area: 38%
[14:25:09] [Server-Worker-1/INFO]: Preparing spawn area: 38%
[14:25:09] [Server-Worker-3/INFO]: Preparing spawn area: 43%
[14:25:10] [Server-Worker-4/INFO]: Preparing spawn area: 44%
[14:25:10] [Server-Worker-1/INFO]: Preparing spawn area: 44%
[14:25:11] [Server-Worker-2/INFO]: Preparing spawn area: 44%
[14:25:11] [Server-Worker-7/INFO]: Preparing spawn area: 50%
[14:25:12] [Server-Worker-7/INFO]: Preparing spawn area: 51%
[14:25:12] [Server-Worker-5/INFO]: Preparing spawn area: 52%
[14:25:13] [Server-Worker-5/INFO]: Preparing spawn area: 52%
[14:25:13] [Server-Worker-2/INFO]: Preparing spawn area: 58%
[14:25:14] [Server-Worker-7/INFO]: Preparing spawn area: 63%
[14:25:14] [Server-Worker-3/INFO]: Preparing spawn area: 67%
[14:25:15] [Server-Worker-3/INFO]: Preparing spawn area: 71%
[14:25:15] [Server-Worker-7/INFO]: Preparing spawn area: 75%
[14:25:16] [Server-Worker-7/INFO]: Preparing spawn area: 81%
[14:25:16] [Server-Worker-2/INFO]: Preparing spawn area: 86%
[14:25:17] [Server-Worker-5/INFO]: Preparing spawn area: 91%
[14:25:17] [Server-Worker-1/INFO]: Preparing spawn area: 96%
[14:25:18] [Server thread/INFO]: Time elapsed: 23003 ms
[14:25:18] [Server thread/INFO]: Done (38.320s)! For help, type "help"
[14:26:26] [Server thread/INFO]: SamJust[/127.0.0.1:51220] logged in with entity id 227 at (24.5, 72.0, 93.5)
[14:26:26] [Server thread/INFO]: SamJust joined the game
[14:27:03] [Server thread/INFO]: SamJust lost connection: Disconnected
[14:27:03] [Server thread/INFO]: SamJust left the game
